0 info it worked if it ends with ok
1 verbose cli [ '/home/dima/IdeaProjects/online-store/node/node',
1 verbose cli   '/home/dima/IdeaProjects/online-store/node/npm/bin/npm-cli.js',
1 verbose cli   'install',
1 verbose cli   '--color=false' ]
2 info using npm@3.5.2
3 info using node@v8.10.0
4 verbose stack Error: Cannot find module 'internal/util/types'
4 verbose stack     at Function.Module._resolveFilename (module.js:547:15)
4 verbose stack     at Function.Module._load (module.js:474:25)
4 verbose stack     at Module.require (module.js:596:17)
4 verbose stack     at require (internal/module.js:11:18)
4 verbose stack     at evalmachine.<anonymous>:31:26
4 verbose stack     at Object.<anonymous> (/home/dima/IdeaProjects/online-store/node/npm/node_modules/cmd-shim/node_modules/graceful-fs/fs.js:11:1)
4 verbose stack     at Module._compile (module.js:652:30)
4 verbose stack     at Object.Module._extensions..js (module.js:663:10)
4 verbose stack     at Module.load (module.js:565:32)
4 verbose stack     at tryModuleLoad (module.js:505:12)
5 verbose cwd /home/dima/IdeaProjects/online-store
6 error Linux 4.15.0-66-generic
7 error argv "/home/dima/IdeaProjects/online-store/node/node" "/home/dima/IdeaProjects/online-store/node/npm/bin/npm-cli.js" "install" "--color=false"
8 error node v8.10.0
9 error npm  v3.5.2
10 error code MODULE_NOT_FOUND
11 error Cannot find module 'internal/util/types'
12 error If you need help, you may report this error at:
12 error     <https://github.com/npm/npm/issues>
13 verbose exit [ 1, true ]
